<?xml version="1.0" encoding="UTF-8"?>
<!-- Generated by org.testng.reporters.JUnitXMLReporter -->
<testsuite hostname="Ashwini-PC" ignored="0" name="Test" tests="6" failures="0" timestamp="2020-04-30T14:39:55 IST" time="279.362" errors="0">
  <testcase name="NavigationBarValidation" time="66.749" classname="Academy.ValidateNavgationBar"/>
  <testcase name="NavigationBarValidation1" time="0.004" classname="Academy.ValidateNavgationBar"/>
  <testcase name="basePageNavigation" time="69.736" classname="Academy.Homepage"/>
  <testcase name="basePageNavigation" time="35.973" classname="Academy.Homepage"/>
  <testcase name="TitleValidation" time="105.969" classname="Academy.ValidateTitle"/>
  <testcase name="TitleValidation1" time="0.014" classname="Academy.ValidateTitle"/>
</testsuite> <!-- Test -->
